<?xml version="1.0" encoding="UTF-8"?>
<!-- Generated by org.testng.reporters.JUnitXMLReporter -->
<testsuite hostname="2UA02417BM" name="fftest" tests="1" failures="0" timestamp="24 Dec 2015 19:11:54 GMT" time="7.126" errors="0">
  <testcase name="@BeforeTest BeforeTest" time="0.0" classname="commonLibrary.SampleTestNG">
    <failure type="java.lang.NullPointerException">
      <![CDATA[java.lang.NullPointerException
	at commonLibrary.SetUp_TearDown.setup(SetUp_TearDown.java:95)
	at commonLibrary.SampleTestNG.BeforeTest(SampleTestNG.java:22)
... Removed 22 stack frames]]>
    </failure>
  </testcase> <!-- @BeforeTest BeforeTest -->
  <testcase name="AtTest" time="0.003" classname="commonLibrary.SampleTestNG">
    <skipped/>
  </testcase> <!-- AtTest -->
</testsuite> <!-- fftest -->
